<?xml version="1.0" encoding="UTF-8"?>
<!-- Generated by org.testng.reporters.JUnitReportReporter -->
<testsuite hostname="Sayan-Laptop" failures="0" tests="1" name="auto_runner.cucumber_runner" time="26.664" errors="0" timestamp="2023-08-18T22:10:16 IST" skipped="0">
  <testcase classname="auto_runner.cucumber_runner" name="run_fleapo_test" time="26.664">
    <system-out>
      <![CDATA[Clicked on 'CHAT WITH ME'

Clicked on 'Let's start'

Provided telephone number as '1111111111'
Clicked on 'Continue'

Provided OTP

Clicked on Image]]>
    </system-out>
  </testcase> <!-- run_fleapo_test -->
  <system-out>
    <![CDATA[Clicked on 'CHAT WITH ME'

Clicked on 'Let's start'

Provided telephone number as '1111111111'
Clicked on 'Continue'

Provided OTP

Clicked on Image]]>
  </system-out>
</testsuite> <!-- auto_runner.cucumber_runner -->
